=== Test Reports
FORMAT  FILE
──────  ───────────────────────────────────────────────────────────────────────────────────────────────────────────────────────────────────────────────────────────────────────────────
txt     /Users/sebastien/Documents/0-Helpforce/0-Training/0-Openclassrooms/P9_Sebastien_Vige/4-Project/Sources/OC_P9/.sfdx/tools/testresults/apex/test-result.txt
txt     /Users/sebastien/Documents/0-Helpforce/0-Training/0-Openclassrooms/P9_Sebastien_Vige/4-Project/Sources/OC_P9/.sfdx/tools/testresults/apex/test-run-id.txt
junit   /Users/sebastien/Documents/0-Helpforce/0-Training/0-Openclassrooms/P9_Sebastien_Vige/4-Project/Sources/OC_P9/.sfdx/tools/testresults/apex/test-result-7071X00001WeC4k-junit.xml
json    /Users/sebastien/Documents/0-Helpforce/0-Training/0-Openclassrooms/P9_Sebastien_Vige/4-Project/Sources/OC_P9/.sfdx/tools/testresults/apex/test-result-7071X00001WeC4k.json

=== Test Results
TEST NAME                                                         OUTCOME  MESSAGE                                                                                    RUNTIME (MS)
────────────────────────────────────────────────────────────────  ───────  ─────────────────────────────────────────────────────────────────────────────────────────  ────────────
TestUpdateAccountTurnover.should_aggregate_two_orders_on_account  Fail     System.AssertException: Assertion Failed: Expected: 21500, Actual: null                    910
                                                                           Class.TestUpdateAccountTurnover.should_aggregate_two_orders_on_account: line 62, column 1

=== Failures
FULLNAME                                                          MESSAGE
────────────────────────────────────────────────────────────────  ──────────────────────────────────────────────────────────────────────────────────────────────────────────────────────────────────────────────────────────────────────────────
TestUpdateAccountTurnover.should_aggregate_two_orders_on_account  System.AssertException: Assertion Failed: Expected: 21500, Actual: null
                                                                  /Users/sebastien/Documents/0-Helpforce/0-Training/0-Openclassrooms/P9_Sebastien_Vige/4-Project/Sources/OC_P9/force-app/main/default/classes/TestUpdateAccountTurnover.cls:62:1

=== Test Summary
NAME                 VALUE
───────────────────  ───────────────────────────────────────────────────────
Outcome              Failed
Tests Ran            1
Passing              0
Failing              1
Skipped              0
Pass Rate            0%
Fail Rate            100%
Test Start Time      Apr 9, 2021 6:45 PM
Test Execution Time  910 ms
Test Total Time      910 ms
Command Time         4281 ms
Hostname             https://data-java-1583-dev-ed.cs101.my.salesforce.com/
Org Id               00D1X0000002tFWUAY
Username             test-grt3b54ezt0d@example.com
Test Run Id          7071X00001WeC4k
User Id              0051X000007M7fFQAS

